<?xml version="1.0" encoding="UTF-8"?>
<!-- Generated by org.testng.reporters.JUnitReportReporter -->
<testsuite hostname="Mani" name="qaclickacademy.SeleniumTest" tests="2" failures="0" timestamp="15 Sep 2020 08:09:39 GMT" time="0.033" errors="0">
  <testcase name="elementsUi" time="0.002" classname="qaclickacademy.SeleniumTest"/>
  <testcase name="BrowserAUtomation" time="0.031" classname="qaclickacademy.SeleniumTest"/>
</testsuite> <!-- qaclickacademy.SeleniumTest -->
