<?xml version="1.0" encoding="UTF-8"?>
<!-- Generated by org.testng.reporters.JUnitReportReporter -->
<testsuite hostname="Mani" name="apptus.AddItemsToCart" tests="1" failures="0" timestamp="10 Oct 2020 21:19:02 GMT" time="18.690" errors="0">
  <testcase name="verifyAddingItemsIntoCart" time="18.690" classname="apptus.AddItemsToCart"/>
</testsuite> <!-- apptus.AddItemsToCart -->
