<?xml version="1.0" encoding="UTF-8"?>
<!-- Generated by org.testng.reporters.JUnitReportReporter -->
<testsuite hostname="Mani" name="OpenWeather.RegisterStation" tests="1" failures="0" timestamp="10 Oct 2020 18:50:40 GMT" time="6.039" errors="0">
  <testcase name="registerStationwithout" time="6.039" classname="OpenWeather.RegisterStation"/>
</testsuite> <!-- OpenWeather.RegisterStation -->
