<?xml version="1.0" encoding="UTF-8"?>
<!-- Generated by org.testng.reporters.JUnitReportReporter -->
<testsuite hostname="Mani" name="apptus.RegisterStation" tests="2" failures="0" timestamp="10 Oct 2020 21:19:02 GMT" time="11.454" errors="0">
  <testcase name="verifyRegisterWeatherWithoutAPIKey" time="0.687" classname="apptus.RegisterStation"/>
  <testcase name="verifyRegisterWeatherWithAPIKey" time="10.767" classname="apptus.RegisterStation"/>
</testsuite> <!-- apptus.RegisterStation -->
